<?xml version="1.0" encoding="UTF-8"?>
<robot generator="Robot 7.2 (Python 3.13.1 on win32)" generated="2025-01-29T00:02:37.311942" rpa="false" schemaversion="5">
<suite id="s1" name="Search-With-Login" source="D:\MobileTest-FlightApp\Suites\search-with-login.robot">
<test id="s1-t1" name="User can search flight number booking id" line="11">
<kw name="Run Keywords" owner="BuiltIn" type="SETUP">
<kw name="Open Flight Application" owner="base">
<kw name="Open Application" owner="AppiumLibrary">
<arg>remote_url=http://127.0.0.1:4723/wd/hub</arg>
<arg>platformName=Android</arg>
<arg>platformVersion=11.0</arg>
<arg>deviceName=emulator-5554</arg>
<arg>appPackage=com.example.myapplication</arg>
<arg>appActivity=com.example.myapplication.MainActivity</arg>
<doc>Opens a new application to given Appium server.
Capabilities of appium server, Android and iOS,
Please check https://appium.io/docs/en/2.1/cli/args/
| *Option*            | *Man.* | *Description*     |
| remote_url          | Yes    | Appium server url |
| alias               | no     | alias             |
| strict_ssl          | No     | allows you to send commands to an invalid certificate host like a self-signed one. |</doc>
<status status="PASS" start="2025-01-29T00:02:37.537409" elapsed="9.138603"/>
</kw>
<status status="PASS" start="2025-01-29T00:02:37.537168" elapsed="9.139102"/>
</kw>
<kw name="Verify Home Screen Appears" owner="homePage">
<kw name="Wait Until Element Is Visible" owner="AppiumLibrary">
<msg time="2025-01-29T00:02:47.943369" level="INFO">xpath criteria: //android.widget.ImageView[@resource-id="com.example.myapplication:id/imageView4"]</msg>
<arg>locator=${app_icon_image}</arg>
<doc>Waits until element specified with `locator` is visible.</doc>
<status status="PASS" start="2025-01-29T00:02:46.677196" elapsed="1.266285"/>
</kw>
<status status="PASS" start="2025-01-29T00:02:46.676684" elapsed="1.266910"/>
</kw>
<arg>Open Flight Application</arg>
<arg>AND</arg>
<arg>Verify Home Screen Appears</arg>
<doc>Executes all the given keywords in a sequence.</doc>
<status status="PASS" start="2025-01-29T00:02:37.536898" elapsed="10.406760"/>
</kw>
<kw name="Click Sign In Button On Home Screen" owner="homePage">
<kw name="Click Element" owner="AppiumLibrary">
<msg time="2025-01-29T00:02:47.946002" level="INFO">Clicking element '//android.widget.Button[@resource-id="com.example.myapplication:id/login"]'.</msg>
<msg time="2025-01-29T00:02:48.080630" level="INFO">xpath criteria: //android.widget.Button[@resource-id="com.example.myapplication:id/login"]</msg>
<arg>locator=//android.widget.Button[@resource-id="com.example.myapplication:id/login"]</arg>
<doc>Click element identified by `locator`.</doc>
<status status="PASS" start="2025-01-29T00:02:47.944533" elapsed="0.136217"/>
</kw>
<status status="PASS" start="2025-01-29T00:02:47.944171" elapsed="0.136782"/>
</kw>
<kw name="Input Username" owner="loginPage">
<kw name="Wait Until Element Is Visible" owner="AppiumLibrary">
<msg time="2025-01-29T00:02:48.892488" level="INFO">xpath criteria: //android.widget.EditText[@resource-id="com.example.myapplication:id/username"]
xpath criteria: //android.widget.EditText[@resource-id="com.example.myapplication:id/username"]</msg>
<arg>locator=${username_login_input}</arg>
<doc>Waits until element specified with `locator` is visible.</doc>
<status status="PASS" start="2025-01-29T00:02:48.081985" elapsed="0.810596"/>
</kw>
<kw name="Input Text" owner="AppiumLibrary">
<msg time="2025-01-29T00:02:48.894257" level="INFO">Typing text 'support@ngendigital.com' into text field '//android.widget.EditText[@resource-id="com.example.myapplication:id/username"]'</msg>
<msg time="2025-01-29T00:02:48.983411" level="INFO">xpath criteria: //android.widget.EditText[@resource-id="com.example.myapplication:id/username"]</msg>
<arg>locator=${username_login_input}</arg>
<arg>text=${username}</arg>
<doc>Types the given `text` into text field identified by `locator`.</doc>
<status status="PASS" start="2025-01-29T00:02:48.892743" elapsed="0.090816"/>
</kw>
<arg>username=support@ngendigital.com</arg>
<status status="PASS" start="2025-01-29T00:02:48.081425" elapsed="0.902304"/>
</kw>
<kw name="Input Password" owner="loginPage">
<kw name="Input Text" owner="AppiumLibrary">
<msg time="2025-01-29T00:02:48.987948" level="INFO">Typing text 'abc123' into text field '//android.widget.EditText[@resource-id="com.example.myapplication:id/password"]'</msg>
<msg time="2025-01-29T00:02:49.566209" level="INFO">xpath criteria: //android.widget.EditText[@resource-id="com.example.myapplication:id/password"]</msg>
<arg>locator=//android.widget.EditText[@resource-id="com.example.myapplication:id/password"]</arg>
<arg>text=${password}</arg>
<doc>Types the given `text` into text field identified by `locator`.</doc>
<status status="PASS" start="2025-01-29T00:02:48.984867" elapsed="0.581447"/>
</kw>
<arg>password=abc123</arg>
<status status="PASS" start="2025-01-29T00:02:48.984230" elapsed="0.582200"/>
</kw>
<kw name="Click Sign In Button On Login Screen" owner="loginPage">
<kw name="Click Element" owner="AppiumLibrary">
<msg time="2025-01-29T00:02:49.568530" level="INFO">Clicking element '//android.widget.Button[@resource-id="com.example.myapplication:id/signIn"]'.</msg>
<msg time="2025-01-29T00:02:50.164974" level="INFO">xpath criteria: //android.widget.Button[@resource-id="com.example.myapplication:id/signIn"]</msg>
<arg>locator=//android.widget.Button[@resource-id="com.example.myapplication:id/signIn"]</arg>
<doc>Click element identified by `locator`.</doc>
<status status="PASS" start="2025-01-29T00:02:49.567157" elapsed="0.597976"/>
</kw>
<status status="PASS" start="2025-01-29T00:02:49.566854" elapsed="0.598473"/>
</kw>
<kw name="Verify User Successfully Login" owner="loginPage">
<kw name="Wait Until Element Is Visible" owner="AppiumLibrary">
<msg time="2025-01-29T00:02:50.934159" level="INFO">xpath criteria: //android.widget.TextView[@resource-id="com.example.myapplication:id/textView"]
xpath criteria: //android.widget.TextView[@resource-id="com.example.myapplication:id/textView"]</msg>
<arg>locator=//android.widget.TextView[@resource-id="com.example.myapplication:id/textView"]</arg>
<doc>Waits until element specified with `locator` is visible.</doc>
<status status="PASS" start="2025-01-29T00:02:50.166419" elapsed="0.767908"/>
</kw>
<status status="PASS" start="2025-01-29T00:02:50.165871" elapsed="0.768586"/>
</kw>
<kw name="Click Search Button On Home Screen" owner="searchPage">
<kw name="Click Element" owner="AppiumLibrary">
<msg time="2025-01-29T00:02:50.936834" level="INFO">Clicking element '//android.widget.Button[@resource-id="com.example.myapplication:id/search_flight"]'.</msg>
<msg time="2025-01-29T00:02:51.061004" level="INFO">xpath criteria: //android.widget.Button[@resource-id="com.example.myapplication:id/search_flight"]</msg>
<arg>locator=${search-button}</arg>
<doc>Click element identified by `locator`.</doc>
<status status="PASS" start="2025-01-29T00:02:50.935230" elapsed="0.125883"/>
</kw>
<status status="PASS" start="2025-01-29T00:02:50.934876" elapsed="0.126361"/>
</kw>
<kw name="Verify Successfully Access Search Page" owner="searchPage">
<kw name="Wait Until Page Contains" owner="AppiumLibrary">
<arg>${text_search_page}</arg>
<doc>Waits until `text` appears on current page.</doc>
<status status="PASS" start="2025-01-29T00:02:51.062185" elapsed="1.082898"/>
</kw>
<status status="PASS" start="2025-01-29T00:02:51.061711" elapsed="1.083471"/>
</kw>
<kw name="Input Flight Number" owner="searchPage">
<kw name="Wait Until Element Is Visible" owner="AppiumLibrary">
<msg time="2025-01-29T00:02:52.199216" level="INFO">xpath criteria: //android.widget.EditText[@resource-id="com.example.myapplication:id/flight_number"]</msg>
<arg>locator=${flight_number_input}</arg>
<doc>Waits until element specified with `locator` is visible.</doc>
<status status="PASS" start="2025-01-29T00:02:52.145864" elapsed="0.053435"/>
</kw>
<kw name="Input Text" owner="AppiumLibrary">
<msg time="2025-01-29T00:02:52.201303" level="INFO">Typing text 'DA935' into text field '//android.widget.EditText[@resource-id="com.example.myapplication:id/flight_number"]'</msg>
<msg time="2025-01-29T00:02:52.267713" level="INFO">xpath criteria: //android.widget.EditText[@resource-id="com.example.myapplication:id/flight_number"]</msg>
<arg>locator=${flight_number_input}</arg>
<arg>text=${flight_number}</arg>
<doc>Types the given `text` into text field identified by `locator`.</doc>
<status status="PASS" start="2025-01-29T00:02:52.199450" elapsed="0.068352"/>
</kw>
<arg>flight_number=DA935</arg>
<status status="PASS" start="2025-01-29T00:02:52.145553" elapsed="0.122342"/>
</kw>
<kw name="Click Search Button On Search Screen" owner="searchPage">
<kw name="Wait Until Element Is Visible" owner="AppiumLibrary">
<msg time="2025-01-29T00:02:52.801170" level="INFO">xpath criteria: //android.widget.Button[@resource-id="com.example.myapplication:id/searchFlight"]</msg>
<arg>locator=${button_search_page}</arg>
<doc>Waits until element specified with `locator` is visible.</doc>
<status status="PASS" start="2025-01-29T00:02:52.268836" elapsed="0.532407"/>
</kw>
<kw name="Click Element" owner="AppiumLibrary">
<msg time="2025-01-29T00:02:52.802446" level="INFO">Clicking element '//android.widget.Button[@resource-id="com.example.myapplication:id/searchFlight"]'.</msg>
<msg time="2025-01-29T00:02:52.877416" level="INFO">xpath criteria: //android.widget.Button[@resource-id="com.example.myapplication:id/searchFlight"]</msg>
<arg>locator=${button_search_page}</arg>
<doc>Click element identified by `locator`.</doc>
<status status="PASS" start="2025-01-29T00:02:52.801387" elapsed="0.076155"/>
</kw>
<status status="PASS" start="2025-01-29T00:02:52.268564" elapsed="0.609116"/>
</kw>
<kw name="Verify Flight Number Exist" owner="searchPage">
<kw name="Wait Until Element Is Visible" owner="AppiumLibrary">
<msg time="2025-01-29T00:02:53.542949" level="INFO">xpath criteria: //android.widget.TableLayout
xpath criteria: //android.widget.TableLayout</msg>
<arg>locator=${table}</arg>
<doc>Waits until element specified with `locator` is visible.</doc>
<status status="PASS" start="2025-01-29T00:02:52.878436" elapsed="0.664603"/>
</kw>
<kw name="Element Should Be Visible" owner="AppiumLibrary">
<msg time="2025-01-29T00:02:53.603427" level="INFO">xpath criteria: //android.widget.TableLayout</msg>
<arg>locator=${table}</arg>
<doc>Verifies that element identified with locator is visible.</doc>
<status status="PASS" start="2025-01-29T00:02:53.543225" elapsed="0.060331"/>
</kw>
<status status="PASS" start="2025-01-29T00:02:52.878077" elapsed="0.725600"/>
</kw>
<kw name="Close Flight Application" owner="base" type="TEARDOWN">
<kw name="Close Application" owner="AppiumLibrary">
<doc>Closes the current application and also close webdriver session.</doc>
<status status="PASS" start="2025-01-29T00:02:53.604458" elapsed="0.497031"/>
</kw>
<status status="PASS" start="2025-01-29T00:02:53.604151" elapsed="0.497526"/>
</kw>
<status status="PASS" start="2025-01-29T00:02:37.535875" elapsed="16.566090"/>
</test>
<test id="s1-t2" name="User only click search button" line="24">
<kw name="Run Keywords" owner="BuiltIn" type="SETUP">
<kw name="Open Flight Application" owner="base">
<kw name="Open Application" owner="AppiumLibrary">
<arg>remote_url=http://127.0.0.1:4723/wd/hub</arg>
<arg>platformName=Android</arg>
<arg>platformVersion=11.0</arg>
<arg>deviceName=emulator-5554</arg>
<arg>appPackage=com.example.myapplication</arg>
<arg>appActivity=com.example.myapplication.MainActivity</arg>
<doc>Opens a new application to given Appium server.
Capabilities of appium server, Android and iOS,
Please check https://appium.io/docs/en/2.1/cli/args/
| *Option*            | *Man.* | *Description*     |
| remote_url          | Yes    | Appium server url |
| alias               | no     | alias             |
| strict_ssl          | No     | allows you to send commands to an invalid certificate host like a self-signed one. |</doc>
<status status="PASS" start="2025-01-29T00:02:54.104943" elapsed="9.370453"/>
</kw>
<status status="PASS" start="2025-01-29T00:02:54.104451" elapsed="9.371257"/>
</kw>
<kw name="Verify Home Screen Appears" owner="homePage">
<kw name="Wait Until Element Is Visible" owner="AppiumLibrary">
<msg time="2025-01-29T00:03:04.480473" level="INFO">xpath criteria: //android.widget.ImageView[@resource-id="com.example.myapplication:id/imageView4"]</msg>
<arg>locator=${app_icon_image}</arg>
<doc>Waits until element specified with `locator` is visible.</doc>
<status status="PASS" start="2025-01-29T00:03:03.476581" elapsed="1.003975"/>
</kw>
<status status="PASS" start="2025-01-29T00:03:03.476042" elapsed="1.004606"/>
</kw>
<arg>Open Flight Application</arg>
<arg>AND</arg>
<arg>Verify Home Screen Appears</arg>
<doc>Executes all the given keywords in a sequence.</doc>
<status status="PASS" start="2025-01-29T00:02:54.104070" elapsed="10.376633"/>
</kw>
<kw name="Click Sign In Button On Home Screen" owner="homePage">
<kw name="Click Element" owner="AppiumLibrary">
<msg time="2025-01-29T00:03:04.482755" level="INFO">Clicking element '//android.widget.Button[@resource-id="com.example.myapplication:id/login"]'.</msg>
<msg time="2025-01-29T00:03:04.591037" level="INFO">xpath criteria: //android.widget.Button[@resource-id="com.example.myapplication:id/login"]</msg>
<arg>locator=//android.widget.Button[@resource-id="com.example.myapplication:id/login"]</arg>
<doc>Click element identified by `locator`.</doc>
<status status="PASS" start="2025-01-29T00:03:04.481406" elapsed="0.109728"/>
</kw>
<status status="PASS" start="2025-01-29T00:03:04.481117" elapsed="0.110122"/>
</kw>
<kw name="Input Username" owner="loginPage">
<kw name="Wait Until Element Is Visible" owner="AppiumLibrary">
<msg time="2025-01-29T00:03:05.386326" level="INFO">xpath criteria: //android.widget.EditText[@resource-id="com.example.myapplication:id/username"]
xpath criteria: //android.widget.EditText[@resource-id="com.example.myapplication:id/username"]</msg>
<arg>locator=${username_login_input}</arg>
<doc>Waits until element specified with `locator` is visible.</doc>
<status status="PASS" start="2025-01-29T00:03:04.592256" elapsed="0.794159"/>
</kw>
<kw name="Input Text" owner="AppiumLibrary">
<msg time="2025-01-29T00:03:05.388118" level="INFO">Typing text 'support@ngendigital.com' into text field '//android.widget.EditText[@resource-id="com.example.myapplication:id/username"]'</msg>
<msg time="2025-01-29T00:03:05.482862" level="INFO">xpath criteria: //android.widget.EditText[@resource-id="com.example.myapplication:id/username"]</msg>
<arg>locator=${username_login_input}</arg>
<arg>text=${username}</arg>
<doc>Types the given `text` into text field identified by `locator`.</doc>
<status status="PASS" start="2025-01-29T00:03:05.386575" elapsed="0.096373"/>
</kw>
<arg>username=support@ngendigital.com</arg>
<status status="PASS" start="2025-01-29T00:03:04.591878" elapsed="0.891162"/>
</kw>
<kw name="Input Password" owner="loginPage">
<kw name="Input Text" owner="AppiumLibrary">
<msg time="2025-01-29T00:03:05.485103" level="INFO">Typing text 'abc123' into text field '//android.widget.EditText[@resource-id="com.example.myapplication:id/password"]'</msg>
<msg time="2025-01-29T00:03:06.074181" level="INFO">xpath criteria: //android.widget.EditText[@resource-id="com.example.myapplication:id/password"]</msg>
<arg>locator=//android.widget.EditText[@resource-id="com.example.myapplication:id/password"]</arg>
<arg>text=${password}</arg>
<doc>Types the given `text` into text field identified by `locator`.</doc>
<status status="PASS" start="2025-01-29T00:03:05.483705" elapsed="0.590631"/>
</kw>
<arg>password=abc123</arg>
<status status="PASS" start="2025-01-29T00:03:05.483367" elapsed="0.591128"/>
</kw>
<kw name="Click Sign In Button On Login Screen" owner="loginPage">
<kw name="Click Element" owner="AppiumLibrary">
<msg time="2025-01-29T00:03:06.078965" level="INFO">Clicking element '//android.widget.Button[@resource-id="com.example.myapplication:id/signIn"]'.</msg>
<msg time="2025-01-29T00:03:06.657435" level="INFO">xpath criteria: //android.widget.Button[@resource-id="com.example.myapplication:id/signIn"]</msg>
<arg>locator=//android.widget.Button[@resource-id="com.example.myapplication:id/signIn"]</arg>
<doc>Click element identified by `locator`.</doc>
<status status="PASS" start="2025-01-29T00:03:06.075545" elapsed="0.582097"/>
</kw>
<status status="PASS" start="2025-01-29T00:03:06.074992" elapsed="0.582783"/>
</kw>
<kw name="Verify User Successfully Login" owner="loginPage">
<kw name="Wait Until Element Is Visible" owner="AppiumLibrary">
<msg time="2025-01-29T00:03:07.441251" level="INFO">xpath criteria: //android.widget.TextView[@resource-id="com.example.myapplication:id/textView"]
xpath criteria: //android.widget.TextView[@resource-id="com.example.myapplication:id/textView"]</msg>
<arg>locator=//android.widget.TextView[@resource-id="com.example.myapplication:id/textView"]</arg>
<doc>Waits until element specified with `locator` is visible.</doc>
<status status="PASS" start="2025-01-29T00:03:06.658540" elapsed="0.782818"/>
</kw>
<status status="PASS" start="2025-01-29T00:03:06.658147" elapsed="0.783323"/>
</kw>
<kw name="Click Search Button On Home Screen" owner="searchPage">
<kw name="Click Element" owner="AppiumLibrary">
<msg time="2025-01-29T00:03:07.444093" level="INFO">Clicking element '//android.widget.Button[@resource-id="com.example.myapplication:id/search_flight"]'.</msg>
<msg time="2025-01-29T00:03:07.561115" level="INFO">xpath criteria: //android.widget.Button[@resource-id="com.example.myapplication:id/search_flight"]</msg>
<arg>locator=${search-button}</arg>
<doc>Click element identified by `locator`.</doc>
<status status="PASS" start="2025-01-29T00:03:07.442267" elapsed="0.118979"/>
</kw>
<status status="PASS" start="2025-01-29T00:03:07.441910" elapsed="0.119585"/>
</kw>
<kw name="Verify Successfully Access Search Page" owner="searchPage">
<kw name="Wait Until Page Contains" owner="AppiumLibrary">
<arg>${text_search_page}</arg>
<doc>Waits until `text` appears on current page.</doc>
<status status="PASS" start="2025-01-29T00:03:07.562890" elapsed="1.014522"/>
</kw>
<status status="PASS" start="2025-01-29T00:03:07.562297" elapsed="1.015231"/>
</kw>
<kw name="Click Search Button On Search Screen" owner="searchPage">
<kw name="Wait Until Element Is Visible" owner="AppiumLibrary">
<msg time="2025-01-29T00:03:08.640692" level="INFO">xpath criteria: //android.widget.Button[@resource-id="com.example.myapplication:id/searchFlight"]</msg>
<arg>locator=${button_search_page}</arg>
<doc>Waits until element specified with `locator` is visible.</doc>
<status status="PASS" start="2025-01-29T00:03:08.578306" elapsed="0.062476"/>
</kw>
<kw name="Click Element" owner="AppiumLibrary">
<msg time="2025-01-29T00:03:08.643235" level="INFO">Clicking element '//android.widget.Button[@resource-id="com.example.myapplication:id/searchFlight"]'.</msg>
<msg time="2025-01-29T00:03:08.742365" level="INFO">xpath criteria: //android.widget.Button[@resource-id="com.example.myapplication:id/searchFlight"]</msg>
<arg>locator=${button_search_page}</arg>
<doc>Click element identified by `locator`.</doc>
<status status="PASS" start="2025-01-29T00:03:08.640954" elapsed="0.101514"/>
</kw>
<status status="PASS" start="2025-01-29T00:03:08.578003" elapsed="0.164605"/>
</kw>
<kw name="Verify Failed Search Flight Number" owner="searchPage">
<kw name="Wait Until Page Contains" owner="AppiumLibrary">
<arg>${error_message_search}</arg>
<doc>Waits until `text` appears on current page.</doc>
<status status="PASS" start="2025-01-29T00:03:08.743768" elapsed="0.065909"/>
</kw>
<status status="PASS" start="2025-01-29T00:03:08.743286" elapsed="0.066514"/>
</kw>
<kw name="Close Flight Application" owner="base" type="TEARDOWN">
<kw name="Close Application" owner="AppiumLibrary">
<doc>Closes the current application and also close webdriver session.</doc>
<status status="PASS" start="2025-01-29T00:03:08.810903" elapsed="0.558284"/>
</kw>
<status status="PASS" start="2025-01-29T00:03:08.810492" elapsed="0.558929"/>
</kw>
<status status="PASS" start="2025-01-29T00:02:54.103440" elapsed="15.266332"/>
</test>
<status status="PASS" start="2025-01-29T00:02:37.313446" elapsed="32.057981"/>
</suite>
<statistics>
<total>
<stat pass="2" fail="0" skip="0">All Tests</stat>
</total>
<tag>
</tag>
<suite>
<stat name="Search-With-Login" id="s1" pass="2" fail="0" skip="0">Search-With-Login</stat>
</suite>
</statistics>
<errors>
</errors>
</robot>
