<?xml version="1.0" encoding="UTF-8"?>
<robot generator="Robot 7.2 (Python 3.13.1 on win32)" generated="2025-01-29T00:00:12.695683" rpa="false" schemaversion="5">
<suite id="s1" name="Search-With-Login" source="D:\MobileTest-FlightApp\Suites\search-with-login.robot">
<test id="s1-t1" name="User can search flight number booking id" line="11">
<kw name="Run Keywords" owner="BuiltIn" type="SETUP">
<kw name="Open Flight Application" owner="base">
<kw name="Open Application" owner="AppiumLibrary">
<arg>remote_url=http://127.0.0.1:4723/wd/hub</arg>
<arg>platformName=Android</arg>
<arg>platformVersion=11.0</arg>
<arg>deviceName=emulator-5554</arg>
<arg>appPackage=com.example.myapplication</arg>
<arg>appActivity=com.example.myapplication.MainActivity</arg>
<doc>Opens a new application to given Appium server.
Capabilities of appium server, Android and iOS,
Please check https://appium.io/docs/en/2.1/cli/args/
| *Option*            | *Man.* | *Description*     |
| remote_url          | Yes    | Appium server url |
| alias               | no     | alias             |
| strict_ssl          | No     | allows you to send commands to an invalid certificate host like a self-signed one. |</doc>
<status status="PASS" start="2025-01-29T00:00:12.874577" elapsed="8.390636"/>
</kw>
<status status="PASS" start="2025-01-29T00:00:12.874338" elapsed="8.391061"/>
</kw>
<kw name="Verify Home Screen Appears" owner="homePage">
<kw name="Wait Until Element Is Visible" owner="AppiumLibrary">
<msg time="2025-01-29T00:00:22.409025" level="INFO">xpath criteria: //android.widget.ImageView[@resource-id="com.example.myapplication:id/imageView4"]</msg>
<arg>locator=${app_icon_image}</arg>
<doc>Waits until element specified with `locator` is visible.</doc>
<status status="PASS" start="2025-01-29T00:00:21.266123" elapsed="1.142998"/>
</kw>
<status status="PASS" start="2025-01-29T00:00:21.265746" elapsed="1.143477"/>
</kw>
<arg>Open Flight Application</arg>
<arg>AND</arg>
<arg>Verify Home Screen Appears</arg>
<doc>Executes all the given keywords in a sequence.</doc>
<status status="PASS" start="2025-01-29T00:00:12.874104" elapsed="9.535177"/>
</kw>
<kw name="Click Sign In Button On Home Screen" owner="homePage">
<kw name="Click Element" owner="AppiumLibrary">
<msg time="2025-01-29T00:00:22.411451" level="INFO">Clicking element '//android.widget.Button[@resource-id="com.example.myapplication:id/login"]'.</msg>
<msg time="2025-01-29T00:00:22.661698" level="INFO">xpath criteria: //android.widget.Button[@resource-id="com.example.myapplication:id/login"]</msg>
<arg>locator=//android.widget.Button[@resource-id="com.example.myapplication:id/login"]</arg>
<doc>Click element identified by `locator`.</doc>
<status status="PASS" start="2025-01-29T00:00:22.410077" elapsed="0.251780"/>
</kw>
<status status="PASS" start="2025-01-29T00:00:22.409759" elapsed="0.252225"/>
</kw>
<kw name="Input Username" owner="loginPage">
<kw name="Wait Until Element Is Visible" owner="AppiumLibrary">
<msg time="2025-01-29T00:00:23.637723" level="INFO">xpath criteria: //android.widget.EditText[@resource-id="com.example.myapplication:id/username"]
xpath criteria: //android.widget.EditText[@resource-id="com.example.myapplication:id/username"]</msg>
<arg>locator=${username_login_input}</arg>
<doc>Waits until element specified with `locator` is visible.</doc>
<status status="PASS" start="2025-01-29T00:00:22.662773" elapsed="0.975071"/>
</kw>
<kw name="Input Text" owner="AppiumLibrary">
<msg time="2025-01-29T00:00:23.640187" level="INFO">Typing text 'support@ngendigital.com' into text field '//android.widget.EditText[@resource-id="com.example.myapplication:id/username"]'</msg>
<msg time="2025-01-29T00:00:23.714126" level="INFO">xpath criteria: //android.widget.EditText[@resource-id="com.example.myapplication:id/username"]</msg>
<arg>locator=${username_login_input}</arg>
<arg>text=${username}</arg>
<doc>Types the given `text` into text field identified by `locator`.</doc>
<status status="PASS" start="2025-01-29T00:00:23.638049" elapsed="0.076202"/>
</kw>
<arg>username=support@ngendigital.com</arg>
<status status="PASS" start="2025-01-29T00:00:22.662381" elapsed="1.052003"/>
</kw>
<kw name="Input Password" owner="loginPage">
<kw name="Input Text" owner="AppiumLibrary">
<msg time="2025-01-29T00:00:23.716570" level="INFO">Typing text 'abc123' into text field '//android.widget.EditText[@resource-id="com.example.myapplication:id/password"]'</msg>
<msg time="2025-01-29T00:00:24.278092" level="INFO">xpath criteria: //android.widget.EditText[@resource-id="com.example.myapplication:id/password"]</msg>
<arg>locator=//android.widget.EditText[@resource-id="com.example.myapplication:id/password"]</arg>
<arg>text=${password}</arg>
<doc>Types the given `text` into text field identified by `locator`.</doc>
<status status="PASS" start="2025-01-29T00:00:23.715223" elapsed="0.562956"/>
</kw>
<arg>password=abc123</arg>
<status status="PASS" start="2025-01-29T00:00:23.714839" elapsed="0.563439"/>
</kw>
<kw name="Click Sign In Button On Login Screen" owner="loginPage">
<kw name="Click Element" owner="AppiumLibrary">
<msg time="2025-01-29T00:00:24.280336" level="INFO">Clicking element '//android.widget.Button[@resource-id="com.example.myapplication:id/signIn"]'.</msg>
<msg time="2025-01-29T00:00:24.826041" level="INFO">xpath criteria: //android.widget.Button[@resource-id="com.example.myapplication:id/signIn"]</msg>
<arg>locator=//android.widget.Button[@resource-id="com.example.myapplication:id/signIn"]</arg>
<doc>Click element identified by `locator`.</doc>
<status status="PASS" start="2025-01-29T00:00:24.278983" elapsed="0.547138"/>
</kw>
<status status="PASS" start="2025-01-29T00:00:24.278681" elapsed="0.547534"/>
</kw>
<kw name="Verify User Successfully Login" owner="loginPage">
<kw name="Wait Until Element Is Visible" owner="AppiumLibrary">
<msg time="2025-01-29T00:00:25.523392" level="INFO">xpath criteria: //android.widget.TextView[@resource-id="com.example.myapplication:id/textView"]
xpath criteria: //android.widget.TextView[@resource-id="com.example.myapplication:id/textView"]</msg>
<arg>locator=//android.widget.TextView[@resource-id="com.example.myapplication:id/textView"]</arg>
<doc>Waits until element specified with `locator` is visible.</doc>
<status status="PASS" start="2025-01-29T00:00:24.826853" elapsed="0.696641"/>
</kw>
<status status="PASS" start="2025-01-29T00:00:24.826567" elapsed="0.697065"/>
</kw>
<kw name="Click Search Button On Home Screen" owner="searchPage">
<kw name="Click Element" owner="AppiumLibrary">
<msg time="2025-01-29T00:00:25.526278" level="INFO">Clicking element '//android.widget.Button[@resource-id="com.example.myapplication:id/search_flight"]'.</msg>
<msg time="2025-01-29T00:00:25.642307" level="INFO">xpath criteria: //android.widget.Button[@resource-id="com.example.myapplication:id/search_flight"]</msg>
<arg>locator=${search-button}</arg>
<doc>Click element identified by `locator`.</doc>
<status status="PASS" start="2025-01-29T00:00:25.524616" elapsed="0.117829"/>
</kw>
<status status="PASS" start="2025-01-29T00:00:25.524163" elapsed="0.118418"/>
</kw>
<kw name="Input Flight Number" owner="searchPage">
<kw name="Wait Until Element Is Visible" owner="AppiumLibrary">
<msg time="2025-01-29T00:00:26.728711" level="INFO">xpath criteria: //android.widget.EditText[@resource-id="com.example.myapplication:id/flight_number"]
xpath criteria: //android.widget.EditText[@resource-id="com.example.myapplication:id/flight_number"]</msg>
<arg>locator=${flight_number_input}</arg>
<doc>Waits until element specified with `locator` is visible.</doc>
<status status="PASS" start="2025-01-29T00:00:25.643529" elapsed="1.085259"/>
</kw>
<kw name="Input Text" owner="AppiumLibrary">
<msg time="2025-01-29T00:00:26.730169" level="INFO">Typing text 'DA935' into text field '//android.widget.EditText[@resource-id="com.example.myapplication:id/flight_number"]'</msg>
<msg time="2025-01-29T00:00:26.796669" level="INFO">xpath criteria: //android.widget.EditText[@resource-id="com.example.myapplication:id/flight_number"]</msg>
<arg>locator=${flight_number_input}</arg>
<arg>text=${flight_number}</arg>
<doc>Types the given `text` into text field identified by `locator`.</doc>
<status status="PASS" start="2025-01-29T00:00:26.728934" elapsed="0.068010"/>
</kw>
<arg>flight_number=DA935</arg>
<status status="PASS" start="2025-01-29T00:00:25.643081" elapsed="1.153959"/>
</kw>
<kw name="Click Search Button On Search Screen" owner="searchPage">
<kw name="Wait Until Element Is Visible" owner="AppiumLibrary">
<msg time="2025-01-29T00:00:27.331783" level="INFO">xpath criteria: //android.widget.Button[@resource-id="com.example.myapplication:id/searchFlight"]</msg>
<arg>locator=${button_search_page}</arg>
<doc>Waits until element specified with `locator` is visible.</doc>
<status status="PASS" start="2025-01-29T00:00:26.797643" elapsed="0.534216"/>
</kw>
<kw name="Click Element" owner="AppiumLibrary">
<msg time="2025-01-29T00:00:27.333200" level="INFO">Clicking element '//android.widget.Button[@resource-id="com.example.myapplication:id/searchFlight"]'.</msg>
<msg time="2025-01-29T00:00:27.410103" level="INFO">xpath criteria: //android.widget.Button[@resource-id="com.example.myapplication:id/searchFlight"]</msg>
<arg>locator=${button_search_page}</arg>
<doc>Click element identified by `locator`.</doc>
<status status="PASS" start="2025-01-29T00:00:27.332003" elapsed="0.078220"/>
</kw>
<status status="PASS" start="2025-01-29T00:00:26.797380" elapsed="0.612995"/>
</kw>
<kw name="Verify Flight Number Exist" owner="searchPage">
<kw name="Wait Until Element Is Visible" owner="AppiumLibrary">
<msg time="2025-01-29T00:00:28.125409" level="INFO">xpath criteria: //android.widget.TableLayout
xpath criteria: //android.widget.TableLayout</msg>
<arg>locator=${table}</arg>
<doc>Waits until element specified with `locator` is visible.</doc>
<status status="PASS" start="2025-01-29T00:00:27.411259" elapsed="0.714233"/>
</kw>
<kw name="Element Should Be Visible" owner="AppiumLibrary">
<msg time="2025-01-29T00:00:28.179633" level="INFO">xpath criteria: //android.widget.TableLayout</msg>
<arg>locator=${table}</arg>
<doc>Verifies that element identified with locator is visible.</doc>
<status status="PASS" start="2025-01-29T00:00:28.125649" elapsed="0.054069"/>
</kw>
<status status="PASS" start="2025-01-29T00:00:27.410985" elapsed="0.768821"/>
</kw>
<kw name="Close Flight Application" owner="base" type="TEARDOWN">
<kw name="Close Application" owner="AppiumLibrary">
<doc>Closes the current application and also close webdriver session.</doc>
<status status="PASS" start="2025-01-29T00:00:28.180515" elapsed="0.473860"/>
</kw>
<status status="PASS" start="2025-01-29T00:00:28.180240" elapsed="0.474300"/>
</kw>
<status status="PASS" start="2025-01-29T00:00:12.873228" elapsed="15.781623"/>
</test>
<test id="s1-t2" name="User only click search button" line="24">
<kw name="Run Keywords" owner="BuiltIn" type="SETUP">
<kw name="Open Flight Application" owner="base">
<kw name="Open Application" owner="AppiumLibrary">
<arg>remote_url=http://127.0.0.1:4723/wd/hub</arg>
<arg>platformName=Android</arg>
<arg>platformVersion=11.0</arg>
<arg>deviceName=emulator-5554</arg>
<arg>appPackage=com.example.myapplication</arg>
<arg>appActivity=com.example.myapplication.MainActivity</arg>
<doc>Opens a new application to given Appium server.
Capabilities of appium server, Android and iOS,
Please check https://appium.io/docs/en/2.1/cli/args/
| *Option*            | *Man.* | *Description*     |
| remote_url          | Yes    | Appium server url |
| alias               | no     | alias             |
| strict_ssl          | No     | allows you to send commands to an invalid certificate host like a self-signed one. |</doc>
<status status="PASS" start="2025-01-29T00:00:28.657857" elapsed="8.701117"/>
</kw>
<status status="PASS" start="2025-01-29T00:00:28.657411" elapsed="8.701696"/>
</kw>
<kw name="Verify Home Screen Appears" owner="homePage">
<kw name="Wait Until Element Is Visible" owner="AppiumLibrary">
<msg time="2025-01-29T00:00:38.382231" level="INFO">xpath criteria: //android.widget.ImageView[@resource-id="com.example.myapplication:id/imageView4"]</msg>
<arg>locator=${app_icon_image}</arg>
<doc>Waits until element specified with `locator` is visible.</doc>
<status status="PASS" start="2025-01-29T00:00:37.359601" elapsed="1.022707"/>
</kw>
<status status="PASS" start="2025-01-29T00:00:37.359312" elapsed="1.023076"/>
</kw>
<arg>Open Flight Application</arg>
<arg>AND</arg>
<arg>Verify Home Screen Appears</arg>
<doc>Executes all the given keywords in a sequence.</doc>
<status status="PASS" start="2025-01-29T00:00:28.656867" elapsed="9.725570"/>
</kw>
<kw name="Click Sign In Button On Home Screen" owner="homePage">
<kw name="Click Element" owner="AppiumLibrary">
<msg time="2025-01-29T00:00:38.384126" level="INFO">Clicking element '//android.widget.Button[@resource-id="com.example.myapplication:id/login"]'.</msg>
<msg time="2025-01-29T00:00:38.489350" level="INFO">xpath criteria: //android.widget.Button[@resource-id="com.example.myapplication:id/login"]</msg>
<arg>locator=//android.widget.Button[@resource-id="com.example.myapplication:id/login"]</arg>
<doc>Click element identified by `locator`.</doc>
<status status="PASS" start="2025-01-29T00:00:38.383030" elapsed="0.106430"/>
</kw>
<status status="PASS" start="2025-01-29T00:00:38.382777" elapsed="0.106797"/>
</kw>
<kw name="Input Username" owner="loginPage">
<kw name="Wait Until Element Is Visible" owner="AppiumLibrary">
<msg time="2025-01-29T00:00:39.211990" level="INFO">xpath criteria: //android.widget.EditText[@resource-id="com.example.myapplication:id/username"]
xpath criteria: //android.widget.EditText[@resource-id="com.example.myapplication:id/username"]</msg>
<arg>locator=${username_login_input}</arg>
<doc>Waits until element specified with `locator` is visible.</doc>
<status status="PASS" start="2025-01-29T00:00:38.490211" elapsed="0.721861"/>
</kw>
<kw name="Input Text" owner="AppiumLibrary">
<msg time="2025-01-29T00:00:39.213599" level="INFO">Typing text 'support@ngendigital.com' into text field '//android.widget.EditText[@resource-id="com.example.myapplication:id/username"]'</msg>
<msg time="2025-01-29T00:00:39.288372" level="INFO">xpath criteria: //android.widget.EditText[@resource-id="com.example.myapplication:id/username"]</msg>
<arg>locator=${username_login_input}</arg>
<arg>text=${username}</arg>
<doc>Types the given `text` into text field identified by `locator`.</doc>
<status status="PASS" start="2025-01-29T00:00:39.212222" elapsed="0.076240"/>
</kw>
<arg>username=support@ngendigital.com</arg>
<status status="PASS" start="2025-01-29T00:00:38.489928" elapsed="0.798623"/>
</kw>
<kw name="Input Password" owner="loginPage">
<kw name="Input Text" owner="AppiumLibrary">
<msg time="2025-01-29T00:00:39.290537" level="INFO">Typing text 'abc123' into text field '//android.widget.EditText[@resource-id="com.example.myapplication:id/password"]'</msg>
<msg time="2025-01-29T00:00:39.855937" level="INFO">xpath criteria: //android.widget.EditText[@resource-id="com.example.myapplication:id/password"]</msg>
<arg>locator=//android.widget.EditText[@resource-id="com.example.myapplication:id/password"]</arg>
<arg>text=${password}</arg>
<doc>Types the given `text` into text field identified by `locator`.</doc>
<status status="PASS" start="2025-01-29T00:00:39.289307" elapsed="0.566715"/>
</kw>
<arg>password=abc123</arg>
<status status="PASS" start="2025-01-29T00:00:39.288931" elapsed="0.567183"/>
</kw>
<kw name="Click Sign In Button On Login Screen" owner="loginPage">
<kw name="Click Element" owner="AppiumLibrary">
<msg time="2025-01-29T00:00:39.858781" level="INFO">Clicking element '//android.widget.Button[@resource-id="com.example.myapplication:id/signIn"]'.</msg>
<msg time="2025-01-29T00:00:40.422165" level="INFO">xpath criteria: //android.widget.Button[@resource-id="com.example.myapplication:id/signIn"]</msg>
<arg>locator=//android.widget.Button[@resource-id="com.example.myapplication:id/signIn"]</arg>
<doc>Click element identified by `locator`.</doc>
<status status="PASS" start="2025-01-29T00:00:39.856849" elapsed="0.565447"/>
</kw>
<status status="PASS" start="2025-01-29T00:00:39.856541" elapsed="0.566053"/>
</kw>
<kw name="Verify User Successfully Login" owner="loginPage">
<kw name="Wait Until Element Is Visible" owner="AppiumLibrary">
<msg time="2025-01-29T00:00:41.130273" level="INFO">xpath criteria: //android.widget.TextView[@resource-id="com.example.myapplication:id/textView"]
xpath criteria: //android.widget.TextView[@resource-id="com.example.myapplication:id/textView"]</msg>
<arg>locator=//android.widget.TextView[@resource-id="com.example.myapplication:id/textView"]</arg>
<doc>Waits until element specified with `locator` is visible.</doc>
<status status="PASS" start="2025-01-29T00:00:40.423292" elapsed="0.707079"/>
</kw>
<status status="PASS" start="2025-01-29T00:00:40.422997" elapsed="0.707477"/>
</kw>
<kw name="Click Search Button On Home Screen" owner="searchPage">
<kw name="Click Element" owner="AppiumLibrary">
<msg time="2025-01-29T00:00:41.132969" level="INFO">Clicking element '//android.widget.Button[@resource-id="com.example.myapplication:id/search_flight"]'.</msg>
<msg time="2025-01-29T00:00:41.226685" level="INFO">xpath criteria: //android.widget.Button[@resource-id="com.example.myapplication:id/search_flight"]</msg>
<arg>locator=${search-button}</arg>
<doc>Click element identified by `locator`.</doc>
<status status="PASS" start="2025-01-29T00:00:41.131238" elapsed="0.095599"/>
</kw>
<status status="PASS" start="2025-01-29T00:00:41.130914" elapsed="0.096043"/>
</kw>
<kw name="Click Search Button On Search Screen" owner="searchPage">
<kw name="Wait Until Element Is Visible" owner="AppiumLibrary">
<msg time="2025-01-29T00:00:42.255858" level="INFO">xpath criteria: //android.widget.Button[@resource-id="com.example.myapplication:id/searchFlight"]
xpath criteria: //android.widget.Button[@resource-id="com.example.myapplication:id/searchFlight"]</msg>
<arg>locator=${button_search_page}</arg>
<doc>Waits until element specified with `locator` is visible.</doc>
<status status="PASS" start="2025-01-29T00:00:41.227805" elapsed="1.028124"/>
</kw>
<kw name="Click Element" owner="AppiumLibrary">
<msg time="2025-01-29T00:00:42.257182" level="INFO">Clicking element '//android.widget.Button[@resource-id="com.example.myapplication:id/searchFlight"]'.</msg>
<msg time="2025-01-29T00:00:42.324520" level="INFO">xpath criteria: //android.widget.Button[@resource-id="com.example.myapplication:id/searchFlight"]</msg>
<arg>locator=${button_search_page}</arg>
<doc>Click element identified by `locator`.</doc>
<status status="PASS" start="2025-01-29T00:00:42.256059" elapsed="0.068599"/>
</kw>
<status status="PASS" start="2025-01-29T00:00:41.227435" elapsed="1.097417"/>
</kw>
<kw name="Verify Failed Search Flight Number" owner="searchPage">
<kw name="Wait Until Page Contains" owner="AppiumLibrary">
<arg>${error_message_search}</arg>
<doc>Waits until `text` appears on current page.</doc>
<status status="PASS" start="2025-01-29T00:00:42.325438" elapsed="0.088213"/>
</kw>
<status status="PASS" start="2025-01-29T00:00:42.325200" elapsed="0.088567"/>
</kw>
<kw name="Close Flight Application" owner="base" type="TEARDOWN">
<kw name="Close Application" owner="AppiumLibrary">
<doc>Closes the current application and also close webdriver session.</doc>
<status status="PASS" start="2025-01-29T00:00:42.414764" elapsed="0.868966"/>
</kw>
<status status="PASS" start="2025-01-29T00:00:42.414450" elapsed="0.869545"/>
</kw>
<status status="PASS" start="2025-01-29T00:00:28.656098" elapsed="14.628774"/>
</test>
<status status="PASS" start="2025-01-29T00:00:12.696820" elapsed="30.591653"/>
</suite>
<statistics>
<total>
<stat pass="2" fail="0" skip="0">All Tests</stat>
</total>
<tag>
</tag>
<suite>
<stat name="Search-With-Login" id="s1" pass="2" fail="0" skip="0">Search-With-Login</stat>
</suite>
</statistics>
<errors>
</errors>
</robot>
